<?xml version="1.0" encoding="UTF-8"?>
<!-- Generated by org.testng.reporters.JUnitReportReporter -->
<testsuite hostname="WIN-5CG7351Q7Y" failures="0" tests="1" name="mmtestcases.LoanApplyTC2" time="26.273" errors="0" timestamp="2022-01-06T15:52:06 IST" skipped="0">
  <testcase classname="mmtestcases.LoanApplyTC2" name="lApply" time="26.273"/>
  <system-out/>
</testsuite> <!-- mmtestcases.LoanApplyTC2 -->
