<?xml version="1.0" encoding="UTF-8"?>
<!-- Generated by org.testng.reporters.JUnitReportReporter -->
<testsuite hostname="WIN-5CG7351Q7Y" failures="0" tests="1" name="browserInitaiation.ChromeInitiation" time="0.453" errors="0" timestamp="2022-01-03T16:56:17 IST" skipped="0">
  <testcase classname="browserInitaiation.ChromeInitiation" name="InvokingChrome" time="0.453"/>
  <system-out/>
</testsuite> <!-- browserInitaiation.ChromeInitiation -->
