<?xml version="1.0" encoding="UTF-8"?>
<!-- Generated by org.testng.reporters.JUnitReportReporter -->
<testsuite hostname="WIN-5CG7351Q7Y" failures="0" tests="1" name="mmtestcases.LoanApplyTC" time="3.001" errors="0" timestamp="2022-01-07T16:16:39 IST" skipped="0">
  <testcase classname="mmtestcases.LoanApplyTC" name="lApply" time="3.001"/>
  <system-out/>
</testsuite> <!-- mmtestcases.LoanApplyTC -->
