<?xml version="1.0" encoding="UTF-8"?>
<!-- Generated by org.testng.reporters.JUnitReportReporter -->
<testsuite hostname="WIN-5CG7351Q7Y" failures="0" tests="1" name="facebooktestcases.FBRegistrationTCDDT" time="0.000" errors="0" timestamp="2022-01-03T19:41:34 IST" skipped="1">
  <testcase classname="facebooktestcases.FBRegistrationTCDDT" name="fbRegTC" time="0.000">
    <skipped/>
  </testcase> <!-- fbRegTC -->
  <system-out/>
</testsuite> <!-- facebooktestcases.FBRegistrationTCDDT -->
